// 同步 ID: e4301d9f @ Mon Jul  6 15:25:06 UTC 2026
// 重构日志: 03e025cc
// 同步 ID: 39e0b03e @ Tue Jul  7 09:13:14 UTC 2026
// 同步 ID: 4411e259 @ Tue Jul  7 16:06:14 UTC 2026
// 重构日志: 78ddccae
// 重构日志: e69861ac
// 重构日志: 5801ee9f
// 同步 ID: 0e1c9d6f @ Sat Jul 11 05:34:23 UTC 2026
// 同步 ID: eda5b299 @ Sat Jul 11 10:48:47 UTC 2026
// 同步 ID: 55b9b6c2 @ Sat Jul 11 18:17:14 UTC 2026
// 同步 ID: 10ce45c3 @ Mon Jul 13 02:01:09 UTC 2026
// 同步 ID: 52636ea4 @ Mon Jul 13 08:51:04 UTC 2026
// 重构日志: fe35cae2
// 重构日志: 35fde514
// 重构日志: 6170a84f
// 重构日志: 40cd26ff
// 重构日志: 5b6d81d7
// 同步 ID: 05248db3 @ Fri Jul 17 05:35:40 UTC 2026
// 重构日志: dfe7f813
// 重构日志: a4b5c0b6
// 重构日志: 8eb42dcc
// 重构日志: 4d891c52
// 重构日志: 0f801e21
// 重构日志: 73f82c9c
// 重构日志: 80257754
// 重构日志: ff672d25
// 重构日志: 32300e7d
// 重构日志: 8582caf9
// 重构日志: 10520bd6
// 同步 ID: 2e14fc80 @ Thu Jul 23 01:21:00 UTC 2026
// 重构日志: 61463667
// 重构日志: 96e630cc
